[ 2016-09-20T14:41:46+08:00 ] 180.76.15.159 /robots.txt
INFO: [ app_init ] --START--
INFO: Run Behavior\BuildLiteBehavior [ RunTime:0.000011s ]
INFO: Run Common\Behavior\InitHookBehavior [ RunTime:0.000932s ]
INFO: [ app_init ] --END-- [ RunTime:0.001014s ]
INFO: [ app_begin ] --START--
INFO: Run Behavior\ReadHtmlCacheBehavior [ RunTime:0.000323s ]
INFO: [ app_begin ] --END-- [ RunTime:0.000384s ]
SQL: SHOW COLUMNS FROM `ccys_config` [ RunTime:0.0006s ]
SQL: SELECT `type`,`name`,`value` FROM `ccys_config` WHERE `status` = 1  [ RunTime:0.0005s ]
SQL: SHOW COLUMNS FROM `ccys_message_record` [ RunTime:0.0003s ]
SQL: SELECT `message_id` FROM `ccys_message_record` WHERE `uid` = 0  [ RunTime:0.0002s ]
SQL: SHOW COLUMNS FROM `ccys_message` [ RunTime:0.0003s ]
SQL: SELECT COUNT(*) AS tp_count FROM `ccys_message` WHERE (  `to_uid` = 0 OR (  FIND_IN_SET(0, `to_uid`) ) ) AND `status` = 1 AND `id` NOT IN (0) LIMIT 1   [ RunTime:0.0004s ]

[ 2016-09-20T14:41:46+08:00 ] 180.76.15.163 /
INFO: [ app_init ] --START--
INFO: Run Behavior\BuildLiteBehavior [ RunTime:0.000011s ]
INFO: Run Common\Behavior\InitHookBehavior [ RunTime:0.000934s ]
INFO: [ app_init ] --END-- [ RunTime:0.001012s ]
INFO: [ app_begin ] --START--
INFO: Run Behavior\ReadHtmlCacheBehavior [ RunTime:0.000320s ]
INFO: [ app_begin ] --END-- [ RunTime:0.000363s ]
SQL: SHOW COLUMNS FROM `ccys_config` [ RunTime:0.0005s ]
SQL: SELECT `type`,`name`,`value` FROM `ccys_config` WHERE `status` = 1  [ RunTime:0.0004s ]
SQL: SHOW COLUMNS FROM `ccys_message_record` [ RunTime:0.0003s ]
SQL: SELECT `message_id` FROM `ccys_message_record` WHERE `uid` = 0  [ RunTime:0.0002s ]
SQL: SHOW COLUMNS FROM `ccys_message` [ RunTime:0.0003s ]
SQL: SELECT COUNT(*) AS tp_count FROM `ccys_message` WHERE (  `to_uid` = 0 OR (  FIND_IN_SET(0, `to_uid`) ) ) AND `status` = 1 AND `id` NOT IN (0) LIMIT 1   [ RunTime:0.0003s ]
INFO: [ view_parse ] --START--
INFO: [ template_filter ] --START--
INFO: Run Behavior\ContentReplaceBehavior [ RunTime:0.000057s ]
INFO: [ template_filter ] --END-- [ RunTime:0.000111s ]
INFO: Run Behavior\ParseTemplateBehavior [ RunTime:0.006123s ]
INFO: [ view_parse ] --END-- [ RunTime:0.006163s ]
INFO: [ view_filter ] --START--
INFO: Run Behavior\WriteHtmlCacheBehavior [ RunTime:0.000093s ]
INFO: [ view_filter ] --END-- [ RunTime:0.000127s ]
INFO: [ app_end ] --START--
INFO: Run Behavior\ShowPageTraceBehavior [ RunTime:0.000359s ]
INFO: [ app_end ] --END-- [ RunTime:0.000394s ]

[ 2016-09-20T14:41:47+08:00 ] 180.76.15.147 /robots.txt
INFO: [ app_init ] --START--
INFO: Run Behavior\BuildLiteBehavior [ RunTime:0.000011s ]
INFO: Run Common\Behavior\InitHookBehavior [ RunTime:0.001012s ]
INFO: [ app_init ] --END-- [ RunTime:0.001167s ]
INFO: [ app_begin ] --START--
INFO: Run Behavior\ReadHtmlCacheBehavior [ RunTime:0.000322s ]
INFO: [ app_begin ] --END-- [ RunTime:0.000367s ]
SQL: SHOW COLUMNS FROM `ccys_config` [ RunTime:0.0006s ]
SQL: SELECT `type`,`name`,`value` FROM `ccys_config` WHERE `status` = 1  [ RunTime:0.0005s ]
SQL: SHOW COLUMNS FROM `ccys_message_record` [ RunTime:0.0003s ]
SQL: SELECT `message_id` FROM `ccys_message_record` WHERE `uid` = 0  [ RunTime:0.0002s ]
SQL: SHOW COLUMNS FROM `ccys_message` [ RunTime:0.0003s ]
SQL: SELECT COUNT(*) AS tp_count FROM `ccys_message` WHERE (  `to_uid` = 0 OR (  FIND_IN_SET(0, `to_uid`) ) ) AND `status` = 1 AND `id` NOT IN (0) LIMIT 1   [ RunTime:0.0003s ]

[ 2016-09-20T14:41:48+08:00 ] 180.76.15.138 /
INFO: [ app_init ] --START--
INFO: Run Behavior\BuildLiteBehavior [ RunTime:0.000011s ]
INFO: Run Common\Behavior\InitHookBehavior [ RunTime:0.000935s ]
INFO: [ app_init ] --END-- [ RunTime:0.001019s ]
INFO: [ app_begin ] --START--
INFO: Run Behavior\ReadHtmlCacheBehavior [ RunTime:0.000323s ]
INFO: [ app_begin ] --END-- [ RunTime:0.000365s ]
SQL: SHOW COLUMNS FROM `ccys_config` [ RunTime:0.0006s ]
SQL: SELECT `type`,`name`,`value` FROM `ccys_config` WHERE `status` = 1  [ RunTime:0.0005s ]
SQL: SHOW COLUMNS FROM `ccys_message_record` [ RunTime:0.0003s ]
SQL: SELECT `message_id` FROM `ccys_message_record` WHERE `uid` = 0  [ RunTime:0.0002s ]
SQL: SHOW COLUMNS FROM `ccys_message` [ RunTime:0.0003s ]
SQL: SELECT COUNT(*) AS tp_count FROM `ccys_message` WHERE (  `to_uid` = 0 OR (  FIND_IN_SET(0, `to_uid`) ) ) AND `status` = 1 AND `id` NOT IN (0) LIMIT 1   [ RunTime:0.0003s ]
INFO: [ view_parse ] --START--
INFO: [ template_filter ] --START--
INFO: Run Behavior\ContentReplaceBehavior [ RunTime:0.000046s ]
INFO: [ template_filter ] --END-- [ RunTime:0.000087s ]
INFO: Run Behavior\ParseTemplateBehavior [ RunTime:0.006233s ]
INFO: [ view_parse ] --END-- [ RunTime:0.006273s ]
INFO: [ view_filter ] --START--
INFO: Run Behavior\WriteHtmlCacheBehavior [ RunTime:0.000095s ]
INFO: [ view_filter ] --END-- [ RunTime:0.000129s ]
INFO: [ app_end ] --START--
INFO: Run Behavior\ShowPageTraceBehavior [ RunTime:0.000366s ]
INFO: [ app_end ] --END-- [ RunTime:0.000403s ]

[ 2016-09-20T15:42:16+08:00 ] 66.249.64.160 /robots.txt
INFO: [ app_init ] --START--
INFO: Run Behavior\BuildLiteBehavior [ RunTime:0.000011s ]
INFO: Run Common\Behavior\InitHookBehavior [ RunTime:0.000953s ]
INFO: [ app_init ] --END-- [ RunTime:0.001036s ]
INFO: [ app_begin ] --START--
INFO: Run Behavior\ReadHtmlCacheBehavior [ RunTime:0.000325s ]
INFO: [ app_begin ] --END-- [ RunTime:0.000369s ]
SQL: SHOW COLUMNS FROM `ccys_config` [ RunTime:0.0006s ]
SQL: SELECT `type`,`name`,`value` FROM `ccys_config` WHERE `status` = 1  [ RunTime:0.0005s ]
SQL: SHOW COLUMNS FROM `ccys_message_record` [ RunTime:0.0003s ]
SQL: SELECT `message_id` FROM `ccys_message_record` WHERE `uid` = 0  [ RunTime:0.0002s ]
SQL: SHOW COLUMNS FROM `ccys_message` [ RunTime:0.0003s ]
SQL: SELECT COUNT(*) AS tp_count FROM `ccys_message` WHERE (  `to_uid` = 0 OR (  FIND_IN_SET(0, `to_uid`) ) ) AND `status` = 1 AND `id` NOT IN (0) LIMIT 1   [ RunTime:0.0003s ]

[ 2016-09-20T15:42:17+08:00 ] 66.249.64.166 /
INFO: [ app_init ] --START--
INFO: Run Behavior\BuildLiteBehavior [ RunTime:0.000011s ]
INFO: Run Common\Behavior\InitHookBehavior [ RunTime:0.000933s ]
INFO: [ app_init ] --END-- [ RunTime:0.001016s ]
INFO: [ app_begin ] --START--
INFO: Run Behavior\ReadHtmlCacheBehavior [ RunTime:0.000320s ]
INFO: [ app_begin ] --END-- [ RunTime:0.000364s ]
SQL: SHOW COLUMNS FROM `ccys_config` [ RunTime:0.0006s ]
SQL: SELECT `type`,`name`,`value` FROM `ccys_config` WHERE `status` = 1  [ RunTime:0.0005s ]
SQL: SHOW COLUMNS FROM `ccys_message_record` [ RunTime:0.0003s ]
SQL: SELECT `message_id` FROM `ccys_message_record` WHERE `uid` = 0  [ RunTime:0.0002s ]
SQL: SHOW COLUMNS FROM `ccys_message` [ RunTime:0.0003s ]
SQL: SELECT COUNT(*) AS tp_count FROM `ccys_message` WHERE (  `to_uid` = 0 OR (  FIND_IN_SET(0, `to_uid`) ) ) AND `status` = 1 AND `id` NOT IN (0) LIMIT 1   [ RunTime:0.0003s ]
INFO: [ view_parse ] --START--
INFO: [ template_filter ] --START--
INFO: Run Behavior\ContentReplaceBehavior [ RunTime:0.000044s ]
INFO: [ template_filter ] --END-- [ RunTime:0.000085s ]
INFO: Run Behavior\ParseTemplateBehavior [ RunTime:0.006163s ]
INFO: [ view_parse ] --END-- [ RunTime:0.006203s ]
INFO: [ view_filter ] --START--
INFO: Run Behavior\WriteHtmlCacheBehavior [ RunTime:0.000093s ]
INFO: [ view_filter ] --END-- [ RunTime:0.000127s ]
INFO: [ app_end ] --START--
INFO: Run Behavior\ShowPageTraceBehavior [ RunTime:0.000335s ]
INFO: [ app_end ] --END-- [ RunTime:0.000371s ]

